<?xml version="1.0" encoding="UTF-8"?>
<testng-results ignored="0" total="1" passed="1" failed="0" skipped="0">
  <reporter-output>
  </reporter-output>
  <suite started-at="2023-08-29T21:11:36 ICT" name="Default suite" finished-at="2023-08-29T21:11:47 ICT" duration-ms="10715">
    <groups>
    </groups>
    <test started-at="2023-08-29T21:11:36 ICT" name="Default test" finished-at="2023-08-29T21:11:47 ICT" duration-ms="10715">
      <class name="MyStoreAutomation">
        <test-method is-config="true" signature="setup()[pri:0, instance:MyStoreAutomation@145f66e3]" started-at="2023-08-29T21:11:36 ICT" name="setup" finished-at="2023-08-29T21:11:37 ICT" duration-ms="1123" status="PASS">
          <reporter-output>
          </reporter-output>
        </test-method> <!-- setup -->
        <test-method signature="TC_MyOrderSearchValid()[pri:0, instance:MyStoreAutomation@145f66e3]" started-at="2023-08-29T21:11:37 ICT" name="TC_MyOrderSearchValid" finished-at="2023-08-29T21:11:46 ICT" duration-ms="9375" status="PASS">
          <reporter-output>
          </reporter-output>
        </test-method> <!-- TC_MyOrderSearchValid -->
        <test-method is-config="true" signature="teardown()[pri:0, instance:MyStoreAutomation@145f66e3]" started-at="2023-08-29T21:11:46 ICT" name="teardown" finished-at="2023-08-29T21:11:47 ICT" duration-ms="179" status="PASS">
          <reporter-output>
          </reporter-output>
        </test-method> <!-- teardown -->
      </class> <!-- MyStoreAutomation -->
    </test> <!-- Default test -->
  </suite> <!-- Default suite -->
</testng-results>
