<?xml version="1.0" encoding="UTF-8"?>
<testng-results ignored="0" total="9" passed="9" failed="0" skipped="0">
  <reporter-output>
  </reporter-output>
  <suite started-at="2023-08-28T16:27:49 ICT" name="API Test Suite" finished-at="2023-08-28T16:27:53 ICT" duration-ms="3966">
    <groups>
    </groups>
    <test started-at="2023-08-28T16:27:49 ICT" name="API Test" finished-at="2023-08-28T16:27:53 ICT" duration-ms="3966">
      <class name="com.api.auto.testcase.TC_API_Login">
        <test-method is-config="true" signature="init()[pri:0, instance:com.api.auto.testcase.TC_API_Login@647e447]" started-at="2023-08-28T16:27:49 ICT" name="init" finished-at="2023-08-28T16:27:52 ICT" duration-ms="2770" status="PASS">
          <reporter-output>
          </reporter-output>
        </test-method> <!-- init -->
        <test-method signature="TC02_ValidateMessage()[pri:1, instance:com.api.auto.testcase.TC_API_Login@647e447]" started-at="2023-08-28T16:27:52 ICT" name="TC02_ValidateMessage" finished-at="2023-08-28T16:27:53 ICT" duration-ms="721" status="PASS">
          <reporter-output>
          </reporter-output>
        </test-method> <!-- TC02_ValidateMessage -->
        <test-method signature="TC03_ValidateToken()[pri:2, instance:com.api.auto.testcase.TC_API_Login@647e447]" started-at="2023-08-28T16:27:53 ICT" name="TC03_ValidateToken" finished-at="2023-08-28T16:27:53 ICT" duration-ms="63" status="PASS">
          <reporter-output>
          </reporter-output>
        </test-method> <!-- TC03_ValidateToken -->
        <test-method signature="TC05_ValidateUserType()[pri:3, instance:com.api.auto.testcase.TC_API_Login@647e447]" started-at="2023-08-28T16:27:53 ICT" name="TC05_ValidateUserType" finished-at="2023-08-28T16:27:53 ICT" duration-ms="20" status="PASS">
          <reporter-output>
          </reporter-output>
        </test-method> <!-- TC05_ValidateUserType -->
        <test-method signature="TC06_ValidateAccount()[pri:4, instance:com.api.auto.testcase.TC_API_Login@647e447]" started-at="2023-08-28T16:27:53 ICT" name="TC06_ValidateAccount" finished-at="2023-08-28T16:27:53 ICT" duration-ms="58" status="PASS">
          <reporter-output>
          </reporter-output>
        </test-method> <!-- TC06_ValidateAccount -->
      </class> <!-- com.api.auto.testcase.TC_API_Login -->
      <class name="com.api.auto.testcase.TC_API_CreateWork">
        <test-method is-config="true" signature="init()[pri:0, instance:com.api.auto.testcase.TC_API_CreateWork@68999068]" started-at="2023-08-28T16:27:53 ICT" name="init" finished-at="2023-08-28T16:27:53 ICT" duration-ms="194" status="PASS">
          <reporter-output>
          </reporter-output>
        </test-method> <!-- init -->
        <test-method signature="TC01_Validate201Created()[pri:0, instance:com.api.auto.testcase.TC_API_CreateWork@68999068]" started-at="2023-08-28T16:27:53 ICT" name="TC01_Validate201Created" finished-at="2023-08-28T16:27:53 ICT" duration-ms="1" status="PASS">
          <reporter-output>
          </reporter-output>
        </test-method> <!-- TC01_Validate201Created -->
        <test-method signature="TC02_ValidateWorkId()[pri:1, instance:com.api.auto.testcase.TC_API_CreateWork@68999068]" started-at="2023-08-28T16:27:53 ICT" name="TC02_ValidateWorkId" finished-at="2023-08-28T16:27:53 ICT" duration-ms="1" status="PASS">
          <reporter-output>
          </reporter-output>
        </test-method> <!-- TC02_ValidateWorkId -->
        <test-method signature="TC03_ValidateNameOfWorkMatched()[pri:2, instance:com.api.auto.testcase.TC_API_CreateWork@68999068]" started-at="2023-08-28T16:27:53 ICT" name="TC03_ValidateNameOfWorkMatched" finished-at="2023-08-28T16:27:53 ICT" duration-ms="15" status="PASS">
          <reporter-output>
          </reporter-output>
        </test-method> <!-- TC03_ValidateNameOfWorkMatched -->
        <test-method signature="TC03_ValidateExperienceMatched()[pri:3, instance:com.api.auto.testcase.TC_API_CreateWork@68999068]" started-at="2023-08-28T16:27:53 ICT" name="TC03_ValidateExperienceMatched" finished-at="2023-08-28T16:27:53 ICT" duration-ms="13" status="PASS">
          <reporter-output>
          </reporter-output>
        </test-method> <!-- TC03_ValidateExperienceMatched -->
        <test-method signature="TC03_ValidateEducationMatched()[pri:4, instance:com.api.auto.testcase.TC_API_CreateWork@68999068]" started-at="2023-08-28T16:27:53 ICT" name="TC03_ValidateEducationMatched" finished-at="2023-08-28T16:27:53 ICT" duration-ms="14" status="PASS">
          <reporter-output>
          </reporter-output>
        </test-method> <!-- TC03_ValidateEducationMatched -->
      </class> <!-- com.api.auto.testcase.TC_API_CreateWork -->
    </test> <!-- API Test -->
  </suite> <!-- API Test Suite -->
</testng-results>
