<?xml version="1.0" encoding="UTF-8"?>
<testng-results total="1" passed="1" failed="0" skipped="0">
  <reporter-output>
  </reporter-output>
  <suite started-at="2023-08-30T13:57:13Z" name="Default suite" finished-at="2023-08-30T13:57:19Z" duration-ms="6323">
    <groups>
    </groups>
    <test started-at="2023-08-30T13:57:13Z" name="Default test" finished-at="2023-08-30T13:57:19Z" duration-ms="6323">
      <class name="lab5.Lab5">
        <test-method is-config="true" signature="setup()[pri:0, instance:lab5.Lab5@235ecd9f]" started-at="2023-08-30T20:57:13Z" name="setup" finished-at="2023-08-30T20:57:15Z" duration-ms="1546" status="PASS">
          <reporter-output>
          </reporter-output>
        </test-method> <!-- setup -->
        <test-method signature="TC01_GoogleSearch()[pri:0, instance:lab5.Lab5@235ecd9f]" started-at="2023-08-30T20:57:15Z" name="TC01_GoogleSearch" finished-at="2023-08-30T20:57:19Z" duration-ms="4755" status="PASS">
          <reporter-output>
          </reporter-output>
        </test-method> <!-- TC01_GoogleSearch -->
        <test-method is-config="true" signature="teardown()[pri:0, instance:lab5.Lab5@235ecd9f]" started-at="2023-08-30T20:57:19Z" name="teardown" finished-at="2023-08-30T20:57:19Z" duration-ms="1" status="PASS">
          <reporter-output>
          </reporter-output>
        </test-method> <!-- teardown -->
      </class> <!-- lab5.Lab5 -->
    </test> <!-- Default test -->
  </suite> <!-- Default suite -->
</testng-results>
